\BOOKMARK [1][-]{section.1}{\376\377\151\202\217\360}{}% 1
\BOOKMARK [1][-]{section.2}{\376\377\0002\000d\000-\000c\000n\000n\166\204\145\071\217\333\124\214\123\321\134\125}{}% 2
\BOOKMARK [2][-]{subsection.2.1}{\376\377\123\167\171\357\171\136\176\317\177\121\176\334\166\204\122\035\122\033\145\366\147\037}{section.2}% 3
\BOOKMARK [2][-]{subsection.2.2}{\376\377\123\167\171\357\171\136\176\317\177\121\176\334\166\204\147\064\175\040\145\366\147\037}{section.2}% 4
\BOOKMARK [2][-]{subsection.2.3}{\376\377\141\037\167\345\147\072\060\001\145\057\143\001\124\021\221\317\147\072\124\214\000C\000N\000N\166\204\200\124\174\373\124\214\123\072\122\053}{section.2}% 5
\BOOKMARK [2][-]{subsection.2.4}{\376\377\0002\000d\000-\000c\000n\000n\166\204\236\304\221\321\145\366\147\037}{section.2}% 6
\BOOKMARK [2][-]{subsection.2.5}{\376\377\147\103\120\074\122\035\131\313\123\026\124\214\000B\000N}{section.2}% 7
\BOOKMARK [2][-]{subsection.2.6}{\376\377\131\047\127\213\155\361\177\121\116\016\140\122\173\111\146\040\134\004}{section.2}% 8
\BOOKMARK [1][-]{section.3}{\376\377\000R\000e\000s\000n\000e\000t\174\373\122\027\177\121\176\334\152\041\127\213\145\071\217\333}{}% 9
\BOOKMARK [2][-]{subsection.3.1}{\376\377\000r\000e\000s\000n\000e\000t\000-\000v\0002}{section.3}% 10
\BOOKMARK [2][-]{subsection.3.2}{\376\377\000W\000i\000d\000e\000\040\000R\000e\000s\000N\000e\000t}{section.3}% 11
\BOOKMARK [2][-]{subsection.3.3}{\376\377\000R\000e\000s\000n\000e\000X\000t}{section.3}% 12
\BOOKMARK [2][-]{subsection.3.4}{\376\377\000R\000e\000s\0002\000N\000e\000t}{section.3}% 13
\BOOKMARK [2][-]{subsection.3.5}{\376\377\000i\000R\000e\000s\000n\000e\000t}{section.3}% 14
\BOOKMARK [2][-]{subsection.3.6}{\376\377\000R\000e\000s\000n\000e\000S\000t}{section.3}% 15
\BOOKMARK [2][-]{subsection.3.7}{\376\377\000R\000e\000g\000n\000e\000t}{section.3}% 16
\BOOKMARK [1][-]{section.4}{\376\377\121\166\116\326\177\121\176\334\152\041\127\213\166\204\145\071\217\333}{}% 17
\BOOKMARK [2][-]{subsection.4.1}{\376\377\000i\000n\000c\000e\000p\000t\000i\000o\000n\000-\000v\0003}{section.4}% 18
\BOOKMARK [2][-]{subsection.4.2}{\376\377\000i\000n\000c\000e\000p\000t\000i\000o\000n\000-\000v\0004\124\214\000i\000n\000c\000e\000p\000t\000i\000o\000n\000-\000r\000e\000s\000n\000e\000t}{section.4}% 19
\BOOKMARK [2][-]{subsection.4.3}{\376\377\000S\000q\000u\000e\000e\000z\000e\000N\000e\000t}{section.4}% 20
\BOOKMARK [2][-]{subsection.4.4}{\376\377\000D\000R\000N}{section.4}% 21
\BOOKMARK [2][-]{subsection.4.5}{\376\377\000D\000e\000n\000s\000e\000N\000e\000t}{section.4}% 22
\BOOKMARK [2][-]{subsection.4.6}{\376\377\000C\000o\000n\000d\000e\000n\000s\000e\000N\000e\000t}{section.4}% 23
\BOOKMARK [2][-]{subsection.4.7}{\376\377\000M\000o\000b\000i\000l\000e\000N\000e\000t\174\373\122\027}{section.4}% 24
\BOOKMARK [2][-]{subsection.4.8}{\376\377\000S\000h\000u\000f\000f\000l\000e\000N\000e\000t\174\373\122\027}{section.4}% 25
\BOOKMARK [2][-]{subsection.4.9}{\376\377\000X\000c\000e\000p\000t\000i\000o\000n}{section.4}% 26
\BOOKMARK [2][-]{subsection.4.10}{\376\377\000N\000A\000S\000N\000e\000t}{section.4}% 27
\BOOKMARK [2][-]{subsection.4.11}{\376\377\000e\000f\000f\000n\000e\000t}{section.4}% 28
\BOOKMARK [2][-]{subsection.4.12}{\376\377\000E\000f\000f\000i\000c\000i\000e\000n\000t\000n\000e\000t}{section.4}% 29
\BOOKMARK [2][-]{subsection.4.13}{\376\377\000S\000E\000N\000e\000t\124\214\000S\000K\000N\000e\000t}{section.4}% 30
\BOOKMARK [2][-]{subsection.4.14}{\376\377\000R\000e\000p\000V\000G\000G}{section.4}% 31
\BOOKMARK [2][-]{subsection.4.15}{\376\377\000T\000r\000a\000n\000s\000f\000o\000r\000m\000e\000r}{section.4}% 32
\BOOKMARK [1][-]{section.5}{\376\377\0001\000D\000-\000C\000N\000N\166\204\136\224\165\050}{}% 33
\BOOKMARK [2][-]{subsection.5.1}{\376\377\0001\000D\000-\000C\000N\000N\127\050\137\303\165\065\126\376\124\214\143\137\117\044\150\300\155\113\116\012\166\204\136\224\165\050}{section.5}% 34
\BOOKMARK [2][-]{subsection.5.2}{\376\377\0001\000d\000-\000c\000n\000n\127\050\213\355\227\363\213\306\122\053\116\012\166\204\136\224\165\050}{section.5}% 35
\BOOKMARK [1][-]{section.6}{\376\377\0003\000d\000-\000c\000n\000n\166\204\136\224\165\050}{}% 36
\BOOKMARK [2][-]{subsection.6.1}{\376\377\0003\000d\000-\000c\000n\000n\166\204\136\224\165\050}{section.6}% 37
\BOOKMARK [2][-]{subsection.6.2}{\376\377\0003\000d\000-\000c\000n\000n\127\050\211\306\230\221\116\055\166\204\136\224\165\050}{section.6}% 38
